2025-08-31 05:59:07,888 - __main__ - INFO - 🚀 TLS法签监控系统启动
2025-08-31 05:59:07,893 - __main__ - INFO - 🔗 连接上游WebSocket...
2025-08-31 05:59:08,163 - __main__ - INFO - ✅ 上游WebSocket连接成功
2025-08-31 05:59:58,208 - __main__ - ERROR - ❌ 上游WebSocket错误: sent 1011 (internal error) keepalive ping timeout; no close frame received
2025-08-31 05:59:59,219 - __main__ - INFO - 🔗 连接上游WebSocket...
2025-08-31 05:59:59,593 - __main__ - INFO - ✅ 上游WebSocket连接成功
2025-08-31 06:00:49,647 - __main__ - ERROR - ❌ 上游WebSocket错误: sent 1011 (internal error) keepalive ping timeout; no close frame received
2025-08-31 06:00:50,655 - __main__ - INFO - 🔗 连接上游WebSocket...
2025-08-31 06:00:50,802 - __main__ - INFO - ✅ 上游WebSocket连接成功
2025-08-31 06:01:40,831 - __main__ - ERROR - ❌ 上游WebSocket错误: sent 1011 (internal error) keepalive ping timeout; no close frame received
2025-08-31 06:01:41,840 - __main__ - INFO - 🔗 连接上游WebSocket...
2025-08-31 06:01:42,000 - __main__ - INFO - ✅ 上游WebSocket连接成功
2025-08-31 06:02:32,284 - __main__ - ERROR - ❌ 上游WebSocket错误: sent 1011 (internal error) keepalive ping timeout; no close frame received
2025-08-31 06:02:33,290 - __main__ - INFO - 🔗 连接上游WebSocket...
2025-08-31 06:02:34,381 - __main__ - INFO - ✅ 上游WebSocket连接成功
2025-08-31 06:03:24,506 - __main__ - ERROR - ❌ 上游WebSocket错误: sent 1011 (internal error) keepalive ping timeout; no close frame received
2025-08-31 06:03:25,513 - __main__ - INFO - 🔗 连接上游WebSocket...
2025-08-31 06:03:26,099 - __main__ - INFO - ✅ 上游WebSocket连接成功
2025-08-31 06:04:16,145 - __main__ - ERROR - ❌ 上游WebSocket错误: sent 1011 (internal error) keepalive ping timeout; no close frame received
2025-08-31 06:04:17,166 - __main__ - INFO - 🔗 连接上游WebSocket...
2025-08-31 06:04:17,969 - __main__ - INFO - ✅ 上游WebSocket连接成功
2025-08-31 06:05:08,034 - __main__ - ERROR - ❌ 上游WebSocket错误: sent 1011 (internal error) keepalive ping timeout; no close frame received
2025-08-31 06:05:09,039 - __main__ - INFO - 🔗 连接上游WebSocket...
2025-08-31 06:05:09,790 - __main__ - INFO - ✅ 上游WebSocket连接成功
2025-08-31 06:05:59,947 - __main__ - ERROR - ❌ 上游WebSocket错误: sent 1011 (internal error) keepalive ping timeout; no close frame received
2025-08-31 06:06:00,960 - __main__ - INFO - 🔗 连接上游WebSocket...
2025-08-31 06:06:02,626 - __main__ - INFO - ✅ 上游WebSocket连接成功
2025-08-31 06:06:52,682 - __main__ - ERROR - ❌ 上游WebSocket错误: sent 1011 (internal error) keepalive ping timeout; no close frame received
2025-08-31 06:06:53,683 - __main__ - INFO - 🔗 连接上游WebSocket...
2025-08-31 06:06:56,422 - __main__ - INFO - ✅ 上游WebSocket连接成功
2025-08-31 06:07:46,521 - __main__ - ERROR - ❌ 上游WebSocket错误: sent 1011 (internal error) keepalive ping timeout; no close frame received
2025-08-31 06:07:47,534 - __main__ - INFO - 🔗 连接上游WebSocket...
2025-08-31 06:07:47,989 - __main__ - INFO - ✅ 上游WebSocket连接成功
2025-08-31 06:08:38,037 - __main__ - ERROR - ❌ 上游WebSocket错误: sent 1011 (internal error) keepalive ping timeout; no close frame received
2025-08-31 06:08:39,041 - __main__ - INFO - 🔗 连接上游WebSocket...
2025-08-31 06:08:39,345 - __main__ - INFO - ✅ 上游WebSocket连接成功
2025-08-31 06:09:29,395 - __main__ - ERROR - ❌ 上游WebSocket错误: sent 1011 (internal error) keepalive ping timeout; no close frame received
2025-08-31 06:09:30,409 - __main__ - INFO - 🔗 连接上游WebSocket...
2025-08-31 06:09:30,825 - __main__ - INFO - ✅ 上游WebSocket连接成功
2025-08-31 06:10:20,908 - __main__ - ERROR - ❌ 上游WebSocket错误: sent 1011 (internal error) keepalive ping timeout; no close frame received
2025-08-31 06:10:21,914 - __main__ - INFO - 🔗 连接上游WebSocket...
2025-08-31 06:10:22,262 - __main__ - INFO - ✅ 上游WebSocket连接成功
2025-08-31 06:15:08,816 - __main__ - INFO - 🚀 TLS法签监控系统启动
2025-08-31 06:15:08,816 - __main__ - INFO - 🔗 连接上游WebSocket...
2025-08-31 06:15:09,053 - __main__ - INFO - ✅ 上游WebSocket连接成功
2025-08-31 06:15:59,082 - __main__ - ERROR - ❌ 上游WebSocket错误: sent 1011 (internal error) keepalive ping timeout; no close frame received
2025-08-31 06:16:00,081 - __main__ - INFO - 🔗 连接上游WebSocket...
2025-08-31 06:16:00,480 - __main__ - INFO - ✅ 上游WebSocket连接成功
2025-08-31 06:16:50,681 - __main__ - ERROR - ❌ 上游WebSocket错误: sent 1011 (internal error) keepalive ping timeout; no close frame received
2025-08-31 06:16:51,683 - __main__ - INFO - 🔗 连接上游WebSocket...
2025-08-31 06:16:52,222 - __main__ - INFO - ✅ 上游WebSocket连接成功
2025-08-31 06:17:42,257 - __main__ - ERROR - ❌ 上游WebSocket错误: sent 1011 (internal error) keepalive ping timeout; no close frame received
2025-08-31 06:17:43,261 - __main__ - INFO - 🔗 连接上游WebSocket...
2025-08-31 06:17:43,550 - __main__ - INFO - ✅ 上游WebSocket连接成功
2025-08-31 06:18:33,612 - __main__ - ERROR - ❌ 上游WebSocket错误: sent 1011 (internal error) keepalive ping timeout; no close frame received
2025-08-31 06:18:34,622 - __main__ - INFO - 🔗 连接上游WebSocket...
2025-08-31 06:18:34,995 - __main__ - INFO - ✅ 上游WebSocket连接成功
2025-08-31 06:19:25,033 - __main__ - ERROR - ❌ 上游WebSocket错误: sent 1011 (internal error) keepalive ping timeout; no close frame received
2025-08-31 06:19:26,041 - __main__ - INFO - 🔗 连接上游WebSocket...
2025-08-31 06:19:26,185 - __main__ - INFO - ✅ 上游WebSocket连接成功
2025-08-31 06:20:16,229 - __main__ - ERROR - ❌ 上游WebSocket错误: sent 1011 (internal error) keepalive ping timeout; no close frame received
2025-08-31 06:20:17,226 - __main__ - INFO - 🔗 连接上游WebSocket...
2025-08-31 06:20:17,396 - __main__ - INFO - ✅ 上游WebSocket连接成功
2025-08-31 06:21:07,614 - __main__ - ERROR - ❌ 上游WebSocket错误: sent 1011 (internal error) keepalive ping timeout; no close frame received
2025-08-31 06:21:08,622 - __main__ - INFO - 🔗 连接上游WebSocket...
2025-08-31 06:21:10,117 - __main__ - INFO - ✅ 上游WebSocket连接成功
2025-08-31 06:22:00,308 - __main__ - ERROR - ❌ 上游WebSocket错误: sent 1011 (internal error) keepalive ping timeout; no close frame received
2025-08-31 06:22:01,306 - __main__ - INFO - 🔗 连接上游WebSocket...
2025-08-31 06:22:01,949 - __main__ - INFO - ✅ 上游WebSocket连接成功
2025-08-31 06:22:52,014 - __main__ - ERROR - ❌ 上游WebSocket错误: sent 1011 (internal error) keepalive ping timeout; no close frame received
2025-08-31 06:22:53,019 - __main__ - INFO - 🔗 连接上游WebSocket...
2025-08-31 06:22:53,196 - __main__ - INFO - ✅ 上游WebSocket连接成功
2025-08-31 06:23:43,263 - __main__ - ERROR - ❌ 上游WebSocket错误: sent 1011 (internal error) keepalive ping timeout; no close frame received
2025-08-31 06:23:44,286 - __main__ - INFO - 🔗 连接上游WebSocket...
2025-08-31 06:23:45,129 - __main__ - INFO - ✅ 上游WebSocket连接成功
2025-08-31 06:35:28,651 - __main__ - INFO - 🚀 TLS法签监控系统启动
2025-08-31 06:35:28,654 - __main__ - INFO - 🔗 连接上游WebSocket...
2025-08-31 06:35:28,863 - websocket - INFO - Websocket connected
2025-08-31 06:35:28,863 - __main__ - INFO - ✅ 上游WebSocket连接成功
2025-08-31 06:44:44,336 - __main__ - INFO - 🛑 收到中断信号，正在关闭...
2025-08-31 06:44:47,448 - __main__ - INFO - 🚀 TLS法签监控系统启动
2025-08-31 06:44:47,450 - __main__ - INFO - 🔗 连接上游WebSocket...
2025-08-31 06:44:50,452 - __main__ - INFO - 🔗 连接上游WebSocket...
2025-08-31 06:44:52,051 - websocket - INFO - Websocket connected
2025-08-31 06:44:52,051 - __main__ - INFO - ✅ 上游WebSocket连接成功
2025-08-31 06:44:52,734 - __main__ - ERROR - ❌ WebSocket错误: Connection to remote host was lost.
2025-08-31 06:44:52,735 - websocket - ERROR - Connection to remote host was lost. - goodbye
2025-08-31 06:44:52,735 - __main__ - INFO - 🔌 WebSocket连接关闭 - 状态码: None, 消息: None
2025-08-31 06:44:52,736 - websocket - INFO - Websocket connected
2025-08-31 06:44:52,737 - __main__ - INFO - ✅ 上游WebSocket连接成功
2025-08-31 06:44:54,454 - __main__ - INFO - 🔗 连接上游WebSocket...
2025-08-31 06:44:55,515 - __main__ - ERROR - ❌ WebSocket错误: Connection to remote host was lost.
2025-08-31 06:44:55,515 - websocket - ERROR - Connection to remote host was lost. - goodbye
2025-08-31 06:44:55,516 - __main__ - INFO - 🔌 WebSocket连接关闭 - 状态码: None, 消息: None
2025-08-31 06:44:55,518 - websocket - INFO - Websocket connected
2025-08-31 06:44:55,519 - __main__ - INFO - ✅ 上游WebSocket连接成功
2025-08-31 06:49:51,637 - __main__ - INFO - 🛑 收到中断信号，正在关闭...
2025-08-31 06:49:51,638 - __main__ - INFO - ✅ TLS法签监控系统已关闭
2025-09-03 00:35:21,261 - __main__ - INFO - 🚀 TLS法签监控系统启动
2025-09-03 00:35:21,264 - __main__ - INFO - 🔗 连接上游WebSocket...
2025-09-03 00:35:22,688 - websocket - INFO - Websocket connected
2025-09-03 00:35:22,688 - __main__ - INFO - ✅ 上游WebSocket连接成功
2025-09-03 00:40:04,543 - __main__ - INFO - 🛑 收到中断信号，正在关闭...
2025-09-03 00:40:04,544 - __main__ - INFO - ✅ TLS法签监控系统已关闭
